{"E:\\CosasClase\\WorkSpaceJS\\EjerciciosMedios\\pesateTu\\src\\util.js": {"path":"E:\\CosasClase\\WorkSpaceJS\\EjerciciosMedios\\pesateTu\\src\\util.js","all":false,"statementMap":{"0":{"start":{"line":1,"column":0},"end":{"line":1,"column":40}},"1":{"start":{"line":2,"column":0},"end":{"line":2,"column":41}},"2":{"start":{"line":3,"column":0},"end":{"line":3,"column":23}},"3":{"start":{"line":4,"column":0},"end":{"line":4,"column":13}},"4":{"start":{"line":5,"column":0},"end":{"line":5,"column":1}}},"s":{"0":1,"1":4,"2":4,"3":4,"4":4},"branchMap":{"0":{"type":"branch","line":2,"loc":{"start":{"line":2,"column":-1},"end":{"line":5,"column":1}},"locations":[{"start":{"line":2,"column":-1},"end":{"line":5,"column":1}}]}},"b":{"0":[4]},"fnMap":{"0":{"name":"getImc","decl":{"start":{"line":2,"column":-1},"end":{"line":5,"column":1}},"loc":{"start":{"line":2,"column":-1},"end":{"line":5,"column":1}},"line":2}},"f":{"0":4}}
}
